<?xml version="1.0" encoding="UTF-8"?>
<testng-results skipped="0" failed="0" ignored="0" total="1" passed="1">
  <reporter-output>
  </reporter-output>
  <suite name="Default suite" duration-ms="3840" started-at="2021-03-04T00:41:13 MST" finished-at="2021-03-04T00:41:17 MST">
    <groups>
    </groups>
    <test name="Default test" duration-ms="3840" started-at="2021-03-04T00:41:13 MST" finished-at="2021-03-04T00:41:17 MST">
      <class name="AssignmentToTest.SecurityTest">
        <test-method status="PASS" signature="openBrowser()[pri:0, instance:AssignmentToTest.SecurityTest@3a883ce7]" name="openBrowser" is-config="true" duration-ms="3109" started-at="2021-03-04T00:41:13 MST" finished-at="2021-03-04T00:41:16 MST">
          <reporter-output>
          </reporter-output>
        </test-method> <!-- openBrowser -->
        <test-method status="PASS" signature="VerifyLogin()[pri:0, instance:AssignmentToTest.SecurityTest@3a883ce7]" name="VerifyLogin" duration-ms="574" started-at="2021-03-04T00:41:16 MST" finished-at="2021-03-04T00:41:17 MST">
          <reporter-output>
          </reporter-output>
        </test-method> <!-- VerifyLogin -->
        <test-method status="PASS" signature="closeBrowser()[pri:0, instance:AssignmentToTest.SecurityTest@3a883ce7]" name="closeBrowser" is-config="true" duration-ms="114" started-at="2021-03-04T00:41:17 MST" finished-at="2021-03-04T00:41:17 MST">
          <reporter-output>
          </reporter-output>
        </test-method> <!-- closeBrowser -->
      </class> <!-- AssignmentToTest.SecurityTest -->
    </test> <!-- Default test -->
  </suite> <!-- Default suite -->
</testng-results>
